{"timestamp":"2026-04-04T15:09:53+02:00","event":"VALIDATION_FAILURE","ip":"::1","uri":"/ITSECWB-MCO/Admin.php","context":{"action":"add_product","fields":{"product_name":true,"stock_qty":true,"srp_php":false},"user_id":3}}
{"timestamp":"2026-04-04T15:10:19+02:00","event":"VALIDATION_FAILURE","ip":"::1","uri":"/ITSECWB-MCO/Admin.php?error=invalid_input","context":{"action":"add_product","fields":{"product_name":true,"stock_qty":true,"srp_php":false},"user_id":3}}
{"timestamp":"2026-04-04T15:12:18+02:00","event":"VALIDATION_FAILURE","ip":"::1","uri":"/ITSECWB-MCO/Admin.php?error=invalid_input","context":{"action":"add_product","fields":{"product_name":true,"stock_qty":false,"srp_php":true},"user_id":3}}
{"timestamp":"2026-04-04T15:12:48+02:00","event":"VALIDATION_FAILURE","ip":"::1","uri":"/ITSECWB-MCO/Admin.php?error=invalid_input","context":{"action":"add_product","fields":{"product_name":true,"stock_qty":false,"srp_php":true},"user_id":3}}
{"timestamp":"2026-04-04T15:14:04+02:00","event":"VALIDATION_FAILURE","ip":"::1","uri":"/ITSECWB-MCO/Admin.php?error=invalid_input","context":{"action":"add_product","fields":{"product_name":false,"stock_qty":true,"srp_php":true},"user_id":3}}
{"timestamp":"2026-04-04T15:15:58+02:00","event":"VALIDATION_FAILURE","ip":"::1","uri":"/ITSECWB-MCO/Admin.php","context":{"action":"add_product","fields":{"product_name":false,"stock_qty":true,"srp_php":true},"user_id":3}}
{"timestamp":"2026-04-04T15:16:08+02:00","event":"VALIDATION_FAILURE","ip":"::1","uri":"/ITSECWB-MCO/Admin.php?error=invalid_input","context":{"action":"add_product","fields":{"product_name":false,"stock_qty":true,"srp_php":true},"user_id":3}}
{"timestamp":"2026-04-04T15:16:19+02:00","event":"VALIDATION_FAILURE","ip":"::1","uri":"/ITSECWB-MCO/Admin.php?error=invalid_input","context":{"action":"add_product","fields":{"product_name":false,"stock_qty":true,"srp_php":true},"user_id":3}}
{"timestamp":"2026-04-04T15:16:30+02:00","event":"VALIDATION_FAILURE","ip":"::1","uri":"/ITSECWB-MCO/Admin.php?error=invalid_input","context":{"action":"add_product","fields":{"product_name":false,"stock_qty":true,"srp_php":true},"user_id":3}}
{"timestamp":"2026-04-04T15:16:35+02:00","event":"VALIDATION_FAILURE","ip":"::1","uri":"/ITSECWB-MCO/Admin.php?error=invalid_input","context":{"action":"add_product","fields":{"product_name":false,"stock_qty":true,"srp_php":true},"user_id":3}}
{"timestamp":"2026-04-04T15:35:46+02:00","event":"VALIDATION_FAILURE","ip":"::1","uri":"/ITSECWB-MCO/Admin.php","context":{"action":"add_product","fields":{"product_name":false,"stock_qty":true,"srp_php":true},"user_id":3}}
{"timestamp":"2026-04-04T15:36:11+02:00","event":"VALIDATION_FAILURE","ip":"::1","uri":"/ITSECWB-MCO/Admin.php?error=invalid_input","context":{"action":"add_product","fields":{"product_name":false,"stock_qty":true,"srp_php":true},"user_id":3}}
{"timestamp":"2026-04-04T15:36:27+02:00","event":"VALIDATION_FAILURE","ip":"::1","uri":"/ITSECWB-MCO/Admin.php?error=invalid_input","context":{"action":"add_product","fields":{"product_name":true,"stock_qty":true,"srp_php":false},"user_id":3}}
{"timestamp":"2026-04-04T15:36:54+02:00","event":"VALIDATION_FAILURE","ip":"::1","uri":"/ITSECWB-MCO/Admin.php?error=invalid_input","context":{"action":"add_product","fields":{"product_name":true,"stock_qty":true,"srp_php":false},"user_id":3}}
{"timestamp":"2026-04-04T15:37:58+02:00","event":"VALIDATION_FAILURE","ip":"::1","uri":"/ITSECWB-MCO/Admin.php?error=invalid_input","context":{"action":"add_product","fields":{"product_name":true,"stock_qty":false,"srp_php":true},"user_id":3}}
{"timestamp":"2026-04-04T15:38:22+02:00","event":"VALIDATION_FAILURE","ip":"::1","uri":"/ITSECWB-MCO/Admin.php?error=invalid_input","context":{"action":"add_product","fields":{"product_name":true,"stock_qty":false,"srp_php":true},"user_id":3}}
{"timestamp":"2026-04-04T15:41:47+02:00","event":"VALIDATION_FAILURE","ip":"::1","uri":"/ITSECWB-MCO/Admin.php?error=invalid_input","context":{"action":"add_product","fields":{"product_name":false,"stock_qty":true,"srp_php":true},"user_id":3}}
{"timestamp":"2026-04-04T15:45:31+02:00","event":"VALIDATION_FAILURE","ip":"::1","uri":"/ITSECWB-MCO/Admin.php?error=invalid_input","context":{"action":"add_product","fields":{"product_name":false,"stock_qty":true,"srp_php":true},"user_id":3}}
{"timestamp":"2026-04-04T15:45:48+02:00","event":"VALIDATION_FAILURE","ip":"::1","uri":"/ITSECWB-MCO/Admin.php?error=invalid_input","context":{"action":"add_product","fields":{"product_name":false,"stock_qty":true,"srp_php":true},"user_id":3}}
{"timestamp":"2026-04-04T15:46:14+02:00","event":"VALIDATION_FAILURE","ip":"::1","uri":"/ITSECWB-MCO/Admin.php?error=invalid_input","context":{"action":"add_product","fields":{"product_name":false,"stock_qty":true,"srp_php":true},"user_id":3}}
